<?xml version="1.0" encoding="UTF-8"?>
<!-- Generated by org.testng.reporters.JUnitReportReporter -->
<testsuite hostname="cmdb-78844" failures="0" tests="1" name="TypicodeTest" time="3.603" errors="0" timestamp="2022-09-22T01:03:59 MSK" skipped="0">
  <testcase classname="TypicodeTest" name="apiTest" time="3.603"/>
  <system-out/>
</testsuite> <!-- TypicodeTest -->
