<?xml version="1.0" encoding="UTF-8"?>
<!-- Generated by org.testng.reporters.JUnitReportReporter -->
<testsuite hostname="cmdb-78844" failures="0" tests="2" name="TestPullRequest" time="0.004" errors="0" timestamp="2022-09-22T01:03:59 MSK" skipped="0">
  <testcase classname="TestPullRequest" name="someTest" time="0.000"/>
  <system-out/>
  <testcase classname="TestPullRequest" name="alsoSomeTest" time="0.004"/>
  <system-out/>
</testsuite> <!-- TestPullRequest -->
